<?xml version="1.0" encoding="UTF-8"?>
<!-- Generated by org.testng.reporters.JUnitReportReporter -->
<testsuite hostname="DESKTOP-MN33QAB" failures="0" tests="2" name="com.herokuapp.theinternet.NegativeTests" time="20.106" errors="0" timestamp="2022-05-05T10:34:21 BRT" skipped="0">
  <testcase classname="com.herokuapp.theinternet.NegativeTests" name="negativeLoginTest" time="11.534"/>
  <system-out/>
  <testcase classname="com.herokuapp.theinternet.NegativeTests" name="negativeLoginTest" time="8.572"/>
  <system-out/>
</testsuite> <!-- com.herokuapp.theinternet.NegativeTests -->
