<?xml version="1.0" encoding="UTF-8"?>
<!-- Generated by org.testng.reporters.JUnitReportReporter -->
<testsuite hostname="DESKTOP-MN33QAB" failures="0" tests="3" name="com.herokuapp.theinternet.LoginTests" time="24.435" errors="0" timestamp="2022-05-05T14:39:23 BRT" skipped="0">
  <testcase classname="com.herokuapp.theinternet.LoginTests" name="positiveLoginTest" time="8.865"/>
  <system-out/>
  <testcase classname="com.herokuapp.theinternet.LoginTests" name="negativeLoginTest" time="6.254"/>
  <system-out/>
  <testcase classname="com.herokuapp.theinternet.LoginTests" name="negativeLoginTest" time="9.316"/>
  <system-out/>
</testsuite> <!-- com.herokuapp.theinternet.LoginTests -->
