<?xml version="1.0" encoding="UTF-8"?>
<!-- Generated by org.testng.reporters.JUnitReportReporter -->
<testsuite hostname="DESKTOP-MN33QAB" failures="0" tests="1" name="com.herokuapp.theinternet.PositiveTests" time="10.222" errors="0" timestamp="2022-05-04T12:59:20 BRT" skipped="0">
  <testcase classname="com.herokuapp.theinternet.PositiveTests" name="loginTest" time="10.222"/>
  <system-out/>
</testsuite> <!-- com.herokuapp.theinternet.PositiveTests -->
